<?xml version="1.0" ?>
<!DOCTYPE coverage SYSTEM "http://cobertura.sourceforge.net/xml/coverage-04.dtd">
<coverage lines-valid="241" lines-covered="107" line-rate="0.4439" branches-valid="86" branches-covered="33" branch-rate="0.3837" timestamp="1646930024089" complexity="0" version="0.1">
  <sources>
    <source>C:\Users\ejmontal\docs\wiki\mw-picard</source>
  </sources>
  <packages>
    <package name="main" line-rate="0.4439" branch-rate="0.3837">
      <classes>
        <class name="asyncExec.ts" filename="src\asyncExec.ts" line-rate="1" branch-rate="1">
          <methods>
          </methods>
          <lines>
            <line number="1" hits="1" branch="false"/>
            <line number="2" hits="1" branch="false"/>
            <line number="13" hits="1" branch="false"/>
          </lines>
        </class>
        <class name="asyncRimraf.ts" filename="src\asyncRimraf.ts" line-rate="0.5" branch-rate="1">
          <methods>
            <method name="(anonymous_0)" hits="0" signature="()V">
              <lines>
                <line number="7" hits="0"/>
              </lines>
            </method>
          </methods>
          <lines>
            <line number="7" hits="1" branch="false"/>
            <line number="8" hits="0" branch="false"/>
          </lines>
        </class>
        <class name="doExtensions.ts" filename="src\doExtensions.ts" line-rate="0.7111" branch-rate="0.7111">
          <methods>
            <method name="(anonymous_1)" hits="7" signature="()V">
              <lines>
                <line number="12" hits="7"/>
              </lines>
            </method>
            <method name="(anonymous_2)" hits="12" signature="()V">
              <lines>
                <line number="25" hits="12"/>
              </lines>
            </method>
            <method name="(anonymous_3)" hits="12" signature="()V">
              <lines>
                <line number="56" hits="12"/>
              </lines>
            </method>
            <method name="(anonymous_4)" hits="8" signature="()V">
              <lines>
                <line number="71" hits="8"/>
              </lines>
            </method>
            <method name="(anonymous_5)" hits="2" signature="()V">
              <lines>
                <line number="83" hits="2"/>
              </lines>
            </method>
            <method name="(anonymous_6)" hits="7" signature="()V">
              <lines>
                <line number="91" hits="7"/>
              </lines>
            </method>
            <method name="(anonymous_7)" hits="8" signature="()V">
              <lines>
                <line number="127" hits="8"/>
              </lines>
            </method>
            <method name="(anonymous_8)" hits="7" signature="()V">
              <lines>
                <line number="148" hits="7"/>
              </lines>
            </method>
            <method name="(anonymous_9)" hits="4" signature="()V">
              <lines>
                <line number="159" hits="4"/>
              </lines>
            </method>
            <method name="(anonymous_10)" hits="9" signature="()V">
              <lines>
                <line number="191" hits="9"/>
              </lines>
            </method>
            <method name="(anonymous_11)" hits="5" signature="()V">
              <lines>
                <line number="195" hits="5"/>
              </lines>
            </method>
            <method name="(anonymous_12)" hits="0" signature="()V">
              <lines>
                <line number="246" hits="0"/>
              </lines>
            </method>
            <method name="(anonymous_13)" hits="0" signature="()V">
              <lines>
                <line number="285" hits="0"/>
              </lines>
            </method>
          </methods>
          <lines>
            <line number="1" hits="1" branch="false"/>
            <line number="2" hits="1" branch="false"/>
            <line number="3" hits="1" branch="false"/>
            <line number="4" hits="1" branch="false"/>
            <line number="5" hits="1" branch="false"/>
            <line number="6" hits="1" branch="false"/>
            <line number="7" hits="1" branch="false"/>
            <line number="9" hits="1" branch="false"/>
            <line number="10" hits="1" branch="false"/>
            <line number="12" hits="1" branch="false"/>
            <line number="16" hits="7" branch="true" condition-coverage="100% (1/1)"/>
            <line number="17" hits="1" branch="false"/>
            <line number="19" hits="6" branch="true" condition-coverage="100% (1/1)"/>
            <line number="20" hits="2" branch="false"/>
            <line number="22" hits="4" branch="false"/>
            <line number="25" hits="1" branch="false"/>
            <line number="29" hits="12" branch="true" condition-coverage="100% (1/1)"/>
            <line number="30" hits="2" branch="false"/>
            <line number="32" hits="10" branch="true" condition-coverage="100% (1/1)"/>
            <line number="33" hits="1" branch="false"/>
            <line number="37" hits="9" branch="true" condition-coverage="100% (2/2)"/>
            <line number="41" hits="9" branch="false"/>
            <line number="43" hits="9" branch="true" condition-coverage="100% (2/2)"/>
            <line number="44" hits="9" branch="true" condition-coverage="100% (2/2)"/>
            <line number="46" hits="9" branch="true" condition-coverage="100% (1/1)"/>
            <line number="47" hits="8" branch="false"/>
            <line number="48" hits="8" branch="true" condition-coverage="100% (1/1)"/>
            <line number="49" hits="5" branch="false"/>
            <line number="51" hits="3" branch="false"/>
            <line number="53" hits="1" branch="false"/>
            <line number="56" hits="1" branch="false"/>
            <line number="60" hits="12" branch="true" condition-coverage="100% (2/2)"/>
            <line number="61" hits="2" branch="false"/>
            <line number="62" hits="10" branch="true" condition-coverage="100% (1/1)"/>
            <line number="63" hits="2" branch="false"/>
            <line number="66" hits="8" branch="true" condition-coverage="100% (2/2)"/>
            <line number="71" hits="1" branch="false"/>
            <line number="75" hits="8" branch="false"/>
            <line number="77" hits="8" branch="true" condition-coverage="100% (2/2)"/>
            <line number="78" hits="8" branch="true" condition-coverage="100% (2/2)"/>
            <line number="80" hits="8" branch="false"/>
            <line number="82" hits="8" branch="true" condition-coverage="100% (2/2)"/>
            <line number="83" hits="2" branch="false"/>
            <line number="84" hits="1" branch="false"/>
            <line number="85" hits="1" branch="false"/>
            <line number="87" hits="7" branch="false"/>
            <line number="91" hits="1" branch="false"/>
            <line number="92" hits="7" branch="false"/>
            <line number="93" hits="7" branch="false"/>
            <line number="95" hits="1" branch="false"/>
            <line number="98" hits="6" branch="false"/>
            <line number="99" hits="6" branch="false"/>
            <line number="102" hits="3" branch="false"/>
            <line number="104" hits="3" branch="false"/>
            <line number="107" hits="3" branch="false"/>
            <line number="127" hits="1" branch="false"/>
            <line number="133" hits="8" branch="false"/>
            <line number="134" hits="8" branch="true" condition-coverage="100% (1/1)"/>
            <line number="135" hits="4" branch="false"/>
            <line number="137" hits="8" branch="true" condition-coverage="100% (1/1)"/>
            <line number="138" hits="4" branch="false"/>
            <line number="143" hits="8" branch="false"/>
            <line number="145" hits="8" branch="false"/>
            <line number="148" hits="1" branch="false"/>
            <line number="149" hits="7" branch="false"/>
            <line number="150" hits="7" branch="false"/>
            <line number="152" hits="2" branch="false"/>
            <line number="153" hits="2" branch="false"/>
            <line number="156" hits="5" branch="false"/>
            <line number="159" hits="1" branch="false"/>
            <line number="164" hits="4" branch="true" condition-coverage="100% (2/2)"/>
            <line number="179" hits="4" branch="false"/>
            <line number="191" hits="1" branch="false"/>
            <line number="192" hits="9" branch="false"/>
            <line number="195" hits="1" branch="false"/>
            <line number="204" hits="5" branch="false"/>
            <line number="213" hits="5" branch="false"/>
            <line number="214" hits="3" branch="true" condition-coverage="100% (1/1)"/>
            <line number="215" hits="1" branch="false"/>
            <line number="217" hits="3" branch="true" condition-coverage="100% (1/1)"/>
            <line number="218" hits="2" branch="true" condition-coverage="100% (2/2)"/>
            <line number="219" hits="2" branch="false"/>
            <line number="224" hits="5" branch="false"/>
            <line number="225" hits="5" branch="false"/>
            <line number="226" hits="5" branch="false"/>
            <line number="227" hits="4" branch="false"/>
            <line number="228" hits="4" branch="true" condition-coverage="100% (1/1)"/>
            <line number="229" hits="1" branch="false"/>
            <line number="233" hits="4" branch="false"/>
            <line number="235" hits="4" branch="false"/>
            <line number="236" hits="4" branch="false"/>
            <line number="238" hits="1" branch="false"/>
            <line number="241" hits="3" branch="false"/>
            <line number="246" hits="1" branch="false"/>
            <line number="256" hits="0" branch="false"/>
            <line number="257" hits="0" branch="false"/>
            <line number="258" hits="0" branch="false"/>
            <line number="262" hits="0" branch="false"/>
            <line number="265" hits="0" branch="false"/>
            <line number="266" hits="0" branch="false"/>
            <line number="270" hits="0" branch="false"/>
            <line number="272" hits="0" branch="false"/>
            <line number="273" hits="0" branch="false"/>
            <line number="285" hits="1" branch="false"/>
            <line number="296" hits="0" branch="false"/>
            <line number="297" hits="0" branch="false"/>
            <line number="299" hits="0" branch="false"/>
            <line number="300" hits="0" branch="true" condition-coverage="0% (0/1)"/>
            <line number="301" hits="0" branch="false"/>
            <line number="304" hits="0" branch="false"/>
            <line number="305" hits="0" branch="true" condition-coverage="0% (0/1)"/>
            <line number="306" hits="0" branch="false"/>
            <line number="307" hits="0" branch="false"/>
            <line number="311" hits="0" branch="false"/>
            <line number="313" hits="0" branch="false"/>
            <line number="314" hits="0" branch="true" condition-coverage="0% (0/1)"/>
            <line number="315" hits="0" branch="false"/>
            <line number="317" hits="0" branch="true" condition-coverage="0% (0/1)"/>
            <line number="318" hits="0" branch="false"/>
            <line number="321" hits="0" branch="false"/>
            <line number="326" hits="0" branch="false"/>
            <line number="332" hits="0" branch="true" condition-coverage="0% (0/1)"/>
            <line number="333" hits="0" branch="false"/>
            <line number="337" hits="0" branch="false"/>
            <line number="338" hits="0" branch="true" condition-coverage="0% (0/1)"/>
            <line number="339" hits="0" branch="false"/>
            <line number="342" hits="0" branch="false"/>
            <line number="343" hits="0" branch="true" condition-coverage="0% (0/1)"/>
            <line number="344" hits="0" branch="false"/>
            <line number="345" hits="0" branch="false"/>
            <line number="348" hits="0" branch="true" condition-coverage="0% (0/2)"/>
            <line number="353" hits="0" branch="false"/>
            <line number="355" hits="0" branch="false"/>
            <line number="361" hits="0" branch="false"/>
            <line number="367" hits="1" branch="false"/>
          </lines>
        </class>
        <class name="getExtensionConfig.ts" filename="src\getExtensionConfig.ts" line-rate="0" branch-rate="0">
          <methods>
            <method name="(anonymous_0)" hits="0" signature="()V">
              <lines>
                <line number="1" hits="0"/>
              </lines>
            </method>
            <method name="(anonymous_1)" hits="0" signature="()V">
              <lines>
                <line number="7" hits="0"/>
              </lines>
            </method>
            <method name="(anonymous_2)" hits="0" signature="()V">
              <lines>
                <line number="16" hits="0"/>
              </lines>
            </method>
            <method name="(anonymous_3)" hits="0" signature="()V">
              <lines>
                <line number="22" hits="0"/>
              </lines>
            </method>
            <method name="(anonymous_4)" hits="0" signature="()V">
              <lines>
                <line number="36" hits="0"/>
              </lines>
            </method>
            <method name="(anonymous_5)" hits="0" signature="()V">
              <lines>
                <line number="50" hits="0"/>
              </lines>
            </method>
            <method name="(anonymous_6)" hits="0" signature="()V">
              <lines>
                <line number="68" hits="0"/>
              </lines>
            </method>
          </methods>
          <lines>
            <line number="1" hits="0" branch="false"/>
            <line number="4" hits="0" branch="true" condition-coverage="0% (0/2)"/>
            <line number="7" hits="0" branch="false"/>
            <line number="8" hits="0" branch="false"/>
            <line number="16" hits="0" branch="false"/>
            <line number="19" hits="0" branch="true" condition-coverage="0% (0/2)"/>
            <line number="22" hits="0" branch="false"/>
            <line number="25" hits="0" branch="true" condition-coverage="0% (0/1)"/>
            <line number="26" hits="0" branch="false"/>
            <line number="28" hits="0" branch="false"/>
            <line number="29" hits="0" branch="true" condition-coverage="0% (0/1)"/>
            <line number="30" hits="0" branch="false"/>
            <line number="33" hits="0" branch="false"/>
            <line number="36" hits="0" branch="false"/>
            <line number="39" hits="0" branch="true" condition-coverage="0% (0/1)"/>
            <line number="40" hits="0" branch="false"/>
            <line number="42" hits="0" branch="false"/>
            <line number="43" hits="0" branch="true" condition-coverage="0% (0/1)"/>
            <line number="44" hits="0" branch="false"/>
            <line number="47" hits="0" branch="false"/>
            <line number="50" hits="0" branch="false"/>
            <line number="54" hits="0" branch="false"/>
            <line number="58" hits="0" branch="true" condition-coverage="0% (0/3)"/>
            <line number="59" hits="0" branch="true" condition-coverage="0% (0/2)"/>
            <line number="60" hits="0" branch="false"/>
            <line number="62" hits="0" branch="false"/>
            <line number="65" hits="0" branch="false"/>
            <line number="68" hits="0" branch="false"/>
            <line number="72" hits="0" branch="false"/>
            <line number="73" hits="0" branch="false"/>
            <line number="74" hits="0" branch="false"/>
            <line number="75" hits="0" branch="false"/>
            <line number="77" hits="0" branch="false"/>
            <line number="78" hits="0" branch="false"/>
            <line number="79" hits="0" branch="false"/>
            <line number="80" hits="0" branch="true" condition-coverage="0% (0/2)"/>
            <line number="81" hits="0" branch="false"/>
            <line number="82" hits="0" branch="true" condition-coverage="0% (0/2)"/>
            <line number="83" hits="0" branch="false"/>
            <line number="85" hits="0" branch="false"/>
            <line number="90" hits="0" branch="false"/>
            <line number="93" hits="0" branch="false"/>
          </lines>
        </class>
        <class name="index.ts" filename="src\index.ts" line-rate="0" branch-rate="0">
          <methods>
            <method name="(anonymous_1)" hits="0" signature="()V">
              <lines>
                <line number="39" hits="0"/>
              </lines>
            </method>
          </methods>
          <lines>
            <line number="2" hits="0" branch="false"/>
            <line number="3" hits="0" branch="false"/>
            <line number="4" hits="0" branch="false"/>
            <line number="6" hits="0" branch="false"/>
            <line number="8" hits="0" branch="false"/>
            <line number="21" hits="0" branch="false"/>
            <line number="40" hits="0" branch="false"/>
            <line number="42" hits="0" branch="true" condition-coverage="0% (0/4)"/>
            <line number="43" hits="0" branch="false"/>
            <line number="44" hits="0" branch="false"/>
            <line number="47" hits="0" branch="false"/>
            <line number="54" hits="0" branch="false"/>
            <line number="56" hits="0" branch="true" condition-coverage="0% (0/1)"/>
            <line number="57" hits="0" branch="false"/>
            <line number="60" hits="0" branch="false"/>
            <line number="63" hits="0" branch="false"/>
          </lines>
        </class>
        <class name="processExtensions.ts" filename="src\processExtensions.ts" line-rate="0" branch-rate="0">
          <methods>
            <method name="(anonymous_7)" hits="0" signature="()V">
              <lines>
                <line number="17" hits="0"/>
              </lines>
            </method>
            <method name="(anonymous_8)" hits="0" signature="()V">
              <lines>
                <line number="35" hits="0"/>
              </lines>
            </method>
          </methods>
          <lines>
            <line number="1" hits="0" branch="false"/>
            <line number="2" hits="0" branch="false"/>
            <line number="3" hits="0" branch="false"/>
            <line number="4" hits="0" branch="false"/>
            <line number="8" hits="0" branch="false"/>
            <line number="17" hits="0" branch="false"/>
            <line number="23" hits="0" branch="false"/>
            <line number="24" hits="0" branch="false"/>
            <line number="26" hits="0" branch="true" condition-coverage="0% (0/1)"/>
            <line number="27" hits="0" branch="false"/>
            <line number="29" hits="0" branch="false"/>
            <line number="32" hits="0" branch="false"/>
            <line number="35" hits="0" branch="false"/>
            <line number="38" hits="0" branch="false"/>
            <line number="39" hits="0" branch="false"/>
            <line number="41" hits="0" branch="false"/>
            <line number="42" hits="0" branch="false"/>
            <line number="47" hits="0" branch="false"/>
            <line number="48" hits="0" branch="false"/>
            <line number="49" hits="0" branch="true" condition-coverage="0% (0/1)"/>
            <line number="50" hits="0" branch="false"/>
            <line number="53" hits="0" branch="false"/>
            <line number="54" hits="0" branch="true" condition-coverage="0% (0/1)"/>
            <line number="55" hits="0" branch="false"/>
            <line number="58" hits="0" branch="false"/>
            <line number="59" hits="0" branch="false"/>
            <line number="64" hits="0" branch="false"/>
            <line number="67" hits="0" branch="true" condition-coverage="0% (0/3)"/>
            <line number="68" hits="0" branch="false"/>
            <line number="71" hits="0" branch="false"/>
            <line number="79" hits="0" branch="false"/>
            <line number="86" hits="0" branch="true" condition-coverage="0% (0/3)"/>
            <line number="87" hits="0" branch="false"/>
            <line number="91" hits="0" branch="false"/>
            <line number="93" hits="0" branch="false"/>
            <line number="96" hits="0" branch="false"/>
          </lines>
        </class>
        <class name="propsMatch.ts" filename="src\propsMatch.ts" line-rate="1" branch-rate="1">
          <methods>
            <method name="(anonymous_1)" hits="15" signature="()V">
              <lines>
                <line number="3" hits="15"/>
              </lines>
            </method>
          </methods>
          <lines>
            <line number="1" hits="1" branch="false"/>
            <line number="3" hits="1" branch="false"/>
            <line number="8" hits="15" branch="false"/>
            <line number="9" hits="64" branch="true" condition-coverage="100% (1/1)"/>
            <line number="10" hits="5" branch="false"/>
            <line number="13" hits="10" branch="false"/>
            <line number="16" hits="1" branch="false"/>
          </lines>
        </class>
        <class name="types.d.ts" filename="src\types.d.ts" line-rate="0" branch-rate="0">
          <methods>
          </methods>
          <lines>
          </lines>
        </class>
      </classes>
    </package>
  </packages>
</coverage>
