<?xml version="1.0" ?>
<!DOCTYPE coverage SYSTEM "http://cobertura.sourceforge.net/xml/coverage-04.dtd">
<coverage lines-valid="243" lines-covered="118" line-rate="0.4855" branches-valid="86" branches-covered="35" branch-rate="0.4069" timestamp="1646937530446" complexity="0" version="0.1">
  <sources>
    <source>C:\Users\ejmontal\docs\wiki\mw-picard</source>
  </sources>
  <packages>
    <package name="main" line-rate="0.4855" branch-rate="0.4069">
      <classes>
        <class name="asyncExec.ts" filename="src\asyncExec.ts" line-rate="1" branch-rate="1">
          <methods>
          </methods>
          <lines>
            <line number="1" hits="1" branch="false"/>
            <line number="2" hits="1" branch="false"/>
            <line number="13" hits="1" branch="false"/>
          </lines>
        </class>
        <class name="asyncRimraf.ts" filename="src\asyncRimraf.ts" line-rate="0.5" branch-rate="1">
          <methods>
            <method name="(anonymous_0)" hits="0" signature="()V">
              <lines>
                <line number="7" hits="0"/>
              </lines>
            </method>
          </methods>
          <lines>
            <line number="7" hits="1" branch="false"/>
            <line number="8" hits="0" branch="false"/>
          </lines>
        </class>
        <class name="doExtensions.ts" filename="src\doExtensions.ts" line-rate="0.7809999999999999" branch-rate="0.7555">
          <methods>
            <method name="(anonymous_1)" hits="7" signature="()V">
              <lines>
                <line number="12" hits="7"/>
              </lines>
            </method>
            <method name="(anonymous_2)" hits="12" signature="()V">
              <lines>
                <line number="25" hits="12"/>
              </lines>
            </method>
            <method name="(anonymous_3)" hits="19" signature="()V">
              <lines>
                <line number="56" hits="19"/>
              </lines>
            </method>
            <method name="(anonymous_4)" hits="14" signature="()V">
              <lines>
                <line number="71" hits="14"/>
              </lines>
            </method>
            <method name="(anonymous_5)" hits="2" signature="()V">
              <lines>
                <line number="80" hits="2"/>
              </lines>
            </method>
            <method name="(anonymous_6)" hits="7" signature="()V">
              <lines>
                <line number="88" hits="7"/>
              </lines>
            </method>
            <method name="(anonymous_7)" hits="8" signature="()V">
              <lines>
                <line number="124" hits="8"/>
              </lines>
            </method>
            <method name="(anonymous_8)" hits="7" signature="()V">
              <lines>
                <line number="145" hits="7"/>
              </lines>
            </method>
            <method name="(anonymous_9)" hits="4" signature="()V">
              <lines>
                <line number="156" hits="4"/>
              </lines>
            </method>
            <method name="(anonymous_10)" hits="9" signature="()V">
              <lines>
                <line number="188" hits="9"/>
              </lines>
            </method>
            <method name="(anonymous_11)" hits="5" signature="()V">
              <lines>
                <line number="192" hits="5"/>
              </lines>
            </method>
            <method name="(anonymous_12)" hits="2" signature="()V">
              <lines>
                <line number="243" hits="2"/>
              </lines>
            </method>
            <method name="(anonymous_13)" hits="0" signature="()V">
              <lines>
                <line number="276" hits="0"/>
              </lines>
            </method>
          </methods>
          <lines>
            <line number="1" hits="1" branch="false"/>
            <line number="2" hits="1" branch="false"/>
            <line number="3" hits="1" branch="false"/>
            <line number="4" hits="1" branch="false"/>
            <line number="5" hits="1" branch="false"/>
            <line number="6" hits="1" branch="false"/>
            <line number="7" hits="1" branch="false"/>
            <line number="9" hits="1" branch="false"/>
            <line number="10" hits="1" branch="false"/>
            <line number="12" hits="1" branch="false"/>
            <line number="16" hits="7" branch="true" condition-coverage="100% (1/1)"/>
            <line number="17" hits="1" branch="false"/>
            <line number="19" hits="6" branch="true" condition-coverage="100% (1/1)"/>
            <line number="20" hits="2" branch="false"/>
            <line number="22" hits="4" branch="false"/>
            <line number="25" hits="1" branch="false"/>
            <line number="29" hits="12" branch="true" condition-coverage="100% (1/1)"/>
            <line number="30" hits="2" branch="false"/>
            <line number="32" hits="10" branch="true" condition-coverage="100% (1/1)"/>
            <line number="33" hits="1" branch="false"/>
            <line number="37" hits="9" branch="true" condition-coverage="100% (2/2)"/>
            <line number="41" hits="9" branch="false"/>
            <line number="43" hits="9" branch="true" condition-coverage="100% (2/2)"/>
            <line number="44" hits="9" branch="true" condition-coverage="100% (2/2)"/>
            <line number="46" hits="9" branch="true" condition-coverage="100% (1/1)"/>
            <line number="47" hits="8" branch="false"/>
            <line number="48" hits="8" branch="true" condition-coverage="100% (1/1)"/>
            <line number="49" hits="5" branch="false"/>
            <line number="51" hits="3" branch="false"/>
            <line number="53" hits="1" branch="false"/>
            <line number="56" hits="1" branch="false"/>
            <line number="57" hits="19" branch="true" condition-coverage="100% (2/2)"/>
            <line number="58" hits="4" branch="false"/>
            <line number="59" hits="15" branch="true" condition-coverage="100% (1/1)"/>
            <line number="60" hits="3" branch="false"/>
            <line number="61" hits="3" branch="true" condition-coverage="100% (2/2)"/>
            <line number="62" hits="3" branch="false"/>
            <line number="63" hits="3" branch="false"/>
            <line number="66" hits="12" branch="true" condition-coverage="100% (2/2)"/>
            <line number="71" hits="1" branch="false"/>
            <line number="72" hits="14" branch="false"/>
            <line number="74" hits="14" branch="true" condition-coverage="100% (2/2)"/>
            <line number="75" hits="14" branch="true" condition-coverage="100% (2/2)"/>
            <line number="77" hits="14" branch="false"/>
            <line number="79" hits="14" branch="true" condition-coverage="100% (2/2)"/>
            <line number="80" hits="2" branch="false"/>
            <line number="81" hits="1" branch="false"/>
            <line number="82" hits="1" branch="false"/>
            <line number="84" hits="13" branch="false"/>
            <line number="88" hits="1" branch="false"/>
            <line number="89" hits="7" branch="false"/>
            <line number="90" hits="7" branch="false"/>
            <line number="92" hits="1" branch="false"/>
            <line number="95" hits="6" branch="false"/>
            <line number="96" hits="6" branch="false"/>
            <line number="99" hits="3" branch="false"/>
            <line number="101" hits="3" branch="false"/>
            <line number="104" hits="3" branch="false"/>
            <line number="124" hits="1" branch="false"/>
            <line number="130" hits="8" branch="false"/>
            <line number="131" hits="8" branch="true" condition-coverage="100% (1/1)"/>
            <line number="132" hits="4" branch="false"/>
            <line number="134" hits="8" branch="true" condition-coverage="100% (1/1)"/>
            <line number="135" hits="4" branch="false"/>
            <line number="140" hits="8" branch="false"/>
            <line number="142" hits="8" branch="false"/>
            <line number="145" hits="1" branch="false"/>
            <line number="146" hits="7" branch="false"/>
            <line number="147" hits="7" branch="false"/>
            <line number="149" hits="2" branch="false"/>
            <line number="150" hits="2" branch="false"/>
            <line number="153" hits="5" branch="false"/>
            <line number="156" hits="1" branch="false"/>
            <line number="161" hits="4" branch="true" condition-coverage="100% (2/2)"/>
            <line number="176" hits="4" branch="false"/>
            <line number="188" hits="1" branch="false"/>
            <line number="189" hits="9" branch="false"/>
            <line number="192" hits="1" branch="false"/>
            <line number="201" hits="5" branch="false"/>
            <line number="210" hits="5" branch="false"/>
            <line number="211" hits="3" branch="true" condition-coverage="100% (1/1)"/>
            <line number="212" hits="1" branch="false"/>
            <line number="214" hits="3" branch="true" condition-coverage="100% (1/1)"/>
            <line number="215" hits="2" branch="true" condition-coverage="100% (2/2)"/>
            <line number="216" hits="2" branch="false"/>
            <line number="221" hits="5" branch="false"/>
            <line number="222" hits="5" branch="false"/>
            <line number="223" hits="5" branch="false"/>
            <line number="224" hits="4" branch="false"/>
            <line number="225" hits="4" branch="true" condition-coverage="100% (1/1)"/>
            <line number="226" hits="1" branch="false"/>
            <line number="230" hits="4" branch="false"/>
            <line number="232" hits="4" branch="false"/>
            <line number="233" hits="4" branch="false"/>
            <line number="235" hits="1" branch="false"/>
            <line number="238" hits="3" branch="false"/>
            <line number="243" hits="1" branch="false"/>
            <line number="251" hits="2" branch="false"/>
            <line number="252" hits="2" branch="false"/>
            <line number="253" hits="6" branch="false"/>
            <line number="256" hits="2" branch="false"/>
            <line number="257" hits="2" branch="false"/>
            <line number="261" hits="1" branch="false"/>
            <line number="263" hits="1" branch="false"/>
            <line number="264" hits="1" branch="false"/>
            <line number="276" hits="1" branch="false"/>
            <line number="287" hits="0" branch="false"/>
            <line number="288" hits="0" branch="false"/>
            <line number="290" hits="0" branch="false"/>
            <line number="291" hits="0" branch="true" condition-coverage="0% (0/1)"/>
            <line number="292" hits="0" branch="false"/>
            <line number="295" hits="0" branch="false"/>
            <line number="296" hits="0" branch="true" condition-coverage="0% (0/1)"/>
            <line number="297" hits="0" branch="false"/>
            <line number="298" hits="0" branch="false"/>
            <line number="302" hits="0" branch="false"/>
            <line number="304" hits="0" branch="false"/>
            <line number="305" hits="0" branch="true" condition-coverage="0% (0/1)"/>
            <line number="306" hits="0" branch="false"/>
            <line number="308" hits="0" branch="true" condition-coverage="0% (0/1)"/>
            <line number="309" hits="0" branch="false"/>
            <line number="312" hits="0" branch="false"/>
            <line number="317" hits="0" branch="false"/>
            <line number="323" hits="0" branch="true" condition-coverage="0% (0/1)"/>
            <line number="324" hits="0" branch="false"/>
            <line number="328" hits="0" branch="false"/>
            <line number="329" hits="0" branch="true" condition-coverage="0% (0/1)"/>
            <line number="330" hits="0" branch="false"/>
            <line number="333" hits="0" branch="false"/>
            <line number="334" hits="0" branch="true" condition-coverage="0% (0/1)"/>
            <line number="335" hits="0" branch="false"/>
            <line number="336" hits="0" branch="false"/>
            <line number="339" hits="0" branch="true" condition-coverage="0% (0/2)"/>
            <line number="344" hits="0" branch="false"/>
            <line number="346" hits="0" branch="false"/>
            <line number="352" hits="0" branch="false"/>
            <line number="358" hits="1" branch="false"/>
          </lines>
        </class>
        <class name="getExtensionConfig.ts" filename="src\getExtensionConfig.ts" line-rate="0" branch-rate="0">
          <methods>
            <method name="(anonymous_0)" hits="0" signature="()V">
              <lines>
                <line number="1" hits="0"/>
              </lines>
            </method>
            <method name="(anonymous_1)" hits="0" signature="()V">
              <lines>
                <line number="7" hits="0"/>
              </lines>
            </method>
            <method name="(anonymous_2)" hits="0" signature="()V">
              <lines>
                <line number="16" hits="0"/>
              </lines>
            </method>
            <method name="(anonymous_3)" hits="0" signature="()V">
              <lines>
                <line number="22" hits="0"/>
              </lines>
            </method>
            <method name="(anonymous_4)" hits="0" signature="()V">
              <lines>
                <line number="36" hits="0"/>
              </lines>
            </method>
            <method name="(anonymous_5)" hits="0" signature="()V">
              <lines>
                <line number="50" hits="0"/>
              </lines>
            </method>
            <method name="(anonymous_6)" hits="0" signature="()V">
              <lines>
                <line number="68" hits="0"/>
              </lines>
            </method>
          </methods>
          <lines>
            <line number="1" hits="0" branch="false"/>
            <line number="4" hits="0" branch="true" condition-coverage="0% (0/2)"/>
            <line number="7" hits="0" branch="false"/>
            <line number="8" hits="0" branch="false"/>
            <line number="16" hits="0" branch="false"/>
            <line number="19" hits="0" branch="true" condition-coverage="0% (0/2)"/>
            <line number="22" hits="0" branch="false"/>
            <line number="25" hits="0" branch="true" condition-coverage="0% (0/1)"/>
            <line number="26" hits="0" branch="false"/>
            <line number="28" hits="0" branch="false"/>
            <line number="29" hits="0" branch="true" condition-coverage="0% (0/1)"/>
            <line number="30" hits="0" branch="false"/>
            <line number="33" hits="0" branch="false"/>
            <line number="36" hits="0" branch="false"/>
            <line number="39" hits="0" branch="true" condition-coverage="0% (0/1)"/>
            <line number="40" hits="0" branch="false"/>
            <line number="42" hits="0" branch="false"/>
            <line number="43" hits="0" branch="true" condition-coverage="0% (0/1)"/>
            <line number="44" hits="0" branch="false"/>
            <line number="47" hits="0" branch="false"/>
            <line number="50" hits="0" branch="false"/>
            <line number="54" hits="0" branch="false"/>
            <line number="58" hits="0" branch="true" condition-coverage="0% (0/3)"/>
            <line number="59" hits="0" branch="true" condition-coverage="0% (0/2)"/>
            <line number="60" hits="0" branch="false"/>
            <line number="62" hits="0" branch="false"/>
            <line number="65" hits="0" branch="false"/>
            <line number="68" hits="0" branch="false"/>
            <line number="72" hits="0" branch="false"/>
            <line number="73" hits="0" branch="false"/>
            <line number="74" hits="0" branch="false"/>
            <line number="75" hits="0" branch="false"/>
            <line number="77" hits="0" branch="false"/>
            <line number="78" hits="0" branch="false"/>
            <line number="79" hits="0" branch="false"/>
            <line number="80" hits="0" branch="true" condition-coverage="0% (0/2)"/>
            <line number="81" hits="0" branch="false"/>
            <line number="82" hits="0" branch="true" condition-coverage="0% (0/2)"/>
            <line number="83" hits="0" branch="false"/>
            <line number="85" hits="0" branch="false"/>
            <line number="90" hits="0" branch="false"/>
            <line number="93" hits="0" branch="false"/>
          </lines>
        </class>
        <class name="index.ts" filename="src\index.ts" line-rate="0" branch-rate="0">
          <methods>
            <method name="(anonymous_1)" hits="0" signature="()V">
              <lines>
                <line number="39" hits="0"/>
              </lines>
            </method>
          </methods>
          <lines>
            <line number="2" hits="0" branch="false"/>
            <line number="3" hits="0" branch="false"/>
            <line number="4" hits="0" branch="false"/>
            <line number="6" hits="0" branch="false"/>
            <line number="8" hits="0" branch="false"/>
            <line number="21" hits="0" branch="false"/>
            <line number="40" hits="0" branch="false"/>
            <line number="42" hits="0" branch="true" condition-coverage="0% (0/4)"/>
            <line number="43" hits="0" branch="false"/>
            <line number="44" hits="0" branch="false"/>
            <line number="47" hits="0" branch="false"/>
            <line number="54" hits="0" branch="false"/>
            <line number="56" hits="0" branch="true" condition-coverage="0% (0/1)"/>
            <line number="57" hits="0" branch="false"/>
            <line number="60" hits="0" branch="false"/>
            <line number="63" hits="0" branch="false"/>
          </lines>
        </class>
        <class name="processExtensions.ts" filename="src\processExtensions.ts" line-rate="0" branch-rate="0">
          <methods>
            <method name="(anonymous_7)" hits="0" signature="()V">
              <lines>
                <line number="17" hits="0"/>
              </lines>
            </method>
            <method name="(anonymous_8)" hits="0" signature="()V">
              <lines>
                <line number="35" hits="0"/>
              </lines>
            </method>
          </methods>
          <lines>
            <line number="1" hits="0" branch="false"/>
            <line number="2" hits="0" branch="false"/>
            <line number="3" hits="0" branch="false"/>
            <line number="4" hits="0" branch="false"/>
            <line number="8" hits="0" branch="false"/>
            <line number="17" hits="0" branch="false"/>
            <line number="23" hits="0" branch="false"/>
            <line number="24" hits="0" branch="false"/>
            <line number="26" hits="0" branch="true" condition-coverage="0% (0/1)"/>
            <line number="27" hits="0" branch="false"/>
            <line number="29" hits="0" branch="false"/>
            <line number="32" hits="0" branch="false"/>
            <line number="35" hits="0" branch="false"/>
            <line number="38" hits="0" branch="false"/>
            <line number="39" hits="0" branch="false"/>
            <line number="41" hits="0" branch="false"/>
            <line number="42" hits="0" branch="false"/>
            <line number="47" hits="0" branch="false"/>
            <line number="48" hits="0" branch="false"/>
            <line number="49" hits="0" branch="true" condition-coverage="0% (0/1)"/>
            <line number="50" hits="0" branch="false"/>
            <line number="53" hits="0" branch="false"/>
            <line number="54" hits="0" branch="true" condition-coverage="0% (0/1)"/>
            <line number="55" hits="0" branch="false"/>
            <line number="58" hits="0" branch="false"/>
            <line number="59" hits="0" branch="false"/>
            <line number="64" hits="0" branch="false"/>
            <line number="67" hits="0" branch="true" condition-coverage="0% (0/3)"/>
            <line number="68" hits="0" branch="false"/>
            <line number="71" hits="0" branch="false"/>
            <line number="79" hits="0" branch="false"/>
            <line number="86" hits="0" branch="true" condition-coverage="0% (0/3)"/>
            <line number="87" hits="0" branch="false"/>
            <line number="91" hits="0" branch="false"/>
            <line number="93" hits="0" branch="false"/>
            <line number="96" hits="0" branch="false"/>
          </lines>
        </class>
        <class name="propsMatch.ts" filename="src\propsMatch.ts" line-rate="1" branch-rate="1">
          <methods>
            <method name="(anonymous_1)" hits="15" signature="()V">
              <lines>
                <line number="3" hits="15"/>
              </lines>
            </method>
          </methods>
          <lines>
            <line number="1" hits="1" branch="false"/>
            <line number="3" hits="1" branch="false"/>
            <line number="8" hits="15" branch="false"/>
            <line number="9" hits="64" branch="true" condition-coverage="100% (1/1)"/>
            <line number="10" hits="5" branch="false"/>
            <line number="13" hits="10" branch="false"/>
            <line number="16" hits="1" branch="false"/>
          </lines>
        </class>
        <class name="types.d.ts" filename="src\types.d.ts" line-rate="0" branch-rate="0">
          <methods>
          </methods>
          <lines>
          </lines>
        </class>
      </classes>
    </package>
  </packages>
</coverage>
