TN:
SF:src\asyncExec.ts
FNF:0
FNH:0
DA:1,1
DA:2,1
DA:13,1
LF:3
LH:3
BRF:0
BRH:0
end_of_record
TN:
SF:src\asyncRimraf.ts
FN:7,(anonymous_0)
FNF:1
FNH:0
FNDA:0,(anonymous_0)
DA:7,1
DA:8,0
LF:2
LH:1
BRF:0
BRH:0
end_of_record
TN:
SF:src\doExtensions.ts
FN:13,(anonymous_1)
FN:46,(anonymous_2)
FN:83,(anonymous_3)
FN:99,(anonymous_4)
FN:108,(anonymous_5)
FN:116,(anonymous_6)
FN:152,(anonymous_7)
FN:173,(anonymous_8)
FN:184,(anonymous_9)
FN:216,(anonymous_10)
FN:220,(anonymous_11)
FN:271,(anonymous_12)
FN:304,(anonymous_13)
FNF:13
FNH:13
FNDA:19,(anonymous_1)
FNDA:35,(anonymous_2)
FNDA:35,(anonymous_3)
FNDA:30,(anonymous_4)
FNDA:14,(anonymous_5)
FNDA:14,(anonymous_6)
FNDA:15,(anonymous_7)
FNDA:21,(anonymous_8)
FNDA:11,(anonymous_9)
FNDA:16,(anonymous_10)
FNDA:12,(anonymous_11)
FNDA:9,(anonymous_12)
FNDA:9,(anonymous_13)
DA:1,1
DA:2,1
DA:3,1
DA:4,1
DA:5,1
DA:6,1
DA:7,1
DA:8,1
DA:10,1
DA:11,1
DA:13,1
DA:17,19
DA:18,6
DA:20,13
DA:21,7
DA:23,6
DA:46,1
DA:50,35
DA:51,8
DA:53,27
DA:54,3
DA:58,24
DA:62,24
DA:64,24
DA:65,24
DA:67,24
DA:70,24
DA:73,3
DA:74,21
DA:75,6
DA:76,15
DA:77,10
DA:78,10
DA:80,5
DA:83,1
DA:84,35
DA:85,9
DA:86,26
DA:87,7
DA:88,7
DA:89,7
DA:90,7
DA:93,19
DA:99,1
DA:100,30
DA:102,30
DA:103,30
DA:105,30
DA:107,30
DA:108,14
DA:109,7
DA:110,7
DA:112,23
DA:116,1
DA:117,14
DA:118,14
DA:120,8
DA:123,6
DA:124,6
DA:127,3
DA:129,3
DA:132,3
DA:152,1
DA:158,15
DA:159,15
DA:160,4
DA:162,15
DA:163,4
DA:168,15
DA:170,15
DA:173,1
DA:174,21
DA:175,21
DA:177,3
DA:178,3
DA:181,18
DA:184,1
DA:189,11
DA:204,11
DA:216,1
DA:217,16
DA:220,1
DA:229,12
DA:238,12
DA:239,19
DA:240,6
DA:242,19
DA:243,6
DA:244,6
DA:249,12
DA:250,12
DA:251,12
DA:252,11
DA:253,11
DA:254,1
DA:258,11
DA:260,11
DA:261,11
DA:263,1
DA:266,10
DA:271,1
DA:279,9
DA:280,9
DA:281,22
DA:284,9
DA:285,9
DA:289,8
DA:291,1
DA:292,1
DA:304,1
DA:315,9
DA:316,9
DA:318,9
DA:319,9
DA:320,1
DA:323,8
DA:324,8
DA:325,7
DA:326,11
DA:330,8
DA:332,8
DA:333,17
DA:334,5
DA:336,12
DA:337,5
DA:340,7
DA:345,7
DA:351,7
DA:352,1
DA:356,7
DA:357,16
DA:358,2
DA:361,14
DA:363,14
DA:364,2
DA:365,2
DA:366,12
DA:367,6
DA:371,6
DA:372,4
DA:374,2
DA:379,7
DA:381,7
DA:387,7
DA:393,1
LF:145
LH:145
BRDA:17,0,0,6
BRDA:20,1,0,7
BRDA:50,2,0,8
BRDA:53,3,0,3
BRDA:54,4,0,3
BRDA:54,4,1,1
BRDA:58,5,0,16
BRDA:58,5,1,8
BRDA:67,6,0,24
BRDA:67,6,1,8
BRDA:67,7,0,24
BRDA:67,7,1,7
BRDA:70,8,0,3
BRDA:70,8,1,21
BRDA:70,9,0,24
BRDA:70,9,1,14
BRDA:74,10,0,6
BRDA:74,10,1,15
BRDA:76,11,0,10
BRDA:77,12,0,6
BRDA:77,12,1,4
BRDA:84,13,0,9
BRDA:84,13,1,26
BRDA:86,14,0,7
BRDA:88,15,0,1
BRDA:88,15,1,6
BRDA:93,16,0,3
BRDA:93,16,1,16
BRDA:102,17,0,16
BRDA:102,17,1,14
BRDA:103,18,0,10
BRDA:103,18,1,20
BRDA:107,19,0,7
BRDA:107,19,1,23
BRDA:159,20,0,4
BRDA:162,21,0,4
BRDA:189,22,0,2
BRDA:189,22,1,9
BRDA:239,23,0,6
BRDA:242,24,0,6
BRDA:243,25,0,1
BRDA:243,25,1,5
BRDA:253,26,0,1
BRDA:319,27,0,1
BRDA:324,28,0,7
BRDA:333,29,0,5
BRDA:336,30,0,5
BRDA:341,31,0,1
BRDA:341,31,1,6
BRDA:351,32,0,1
BRDA:357,33,0,2
BRDA:363,34,0,2
BRDA:363,34,1,12
BRDA:366,35,0,6
BRDA:371,36,0,4
BRDA:371,36,1,2
BRF:56
BRH:56
end_of_record
TN:
SF:src\getExtensionConfig.ts
FN:1,(anonymous_0)
FN:7,(anonymous_1)
FN:16,(anonymous_2)
FN:22,(anonymous_3)
FN:36,(anonymous_4)
FN:50,(anonymous_5)
FN:68,(anonymous_6)
FNF:7
FNH:0
FNDA:0,(anonymous_0)
FNDA:0,(anonymous_1)
FNDA:0,(anonymous_2)
FNDA:0,(anonymous_3)
FNDA:0,(anonymous_4)
FNDA:0,(anonymous_5)
FNDA:0,(anonymous_6)
DA:1,0
DA:4,0
DA:7,0
DA:8,0
DA:16,0
DA:19,0
DA:22,0
DA:25,0
DA:26,0
DA:28,0
DA:29,0
DA:30,0
DA:33,0
DA:36,0
DA:39,0
DA:40,0
DA:42,0
DA:43,0
DA:44,0
DA:47,0
DA:50,0
DA:54,0
DA:58,0
DA:59,0
DA:60,0
DA:62,0
DA:65,0
DA:68,0
DA:72,0
DA:73,0
DA:74,0
DA:75,0
DA:77,0
DA:78,0
DA:79,0
DA:80,0
DA:81,0
DA:82,0
DA:83,0
DA:85,0
DA:90,0
DA:93,0
LF:42
LH:0
BRDA:4,0,0,0
BRDA:4,0,1,0
BRDA:9,1,0,0
BRDA:9,1,1,0
BRDA:9,1,2,0
BRDA:9,1,3,0
BRDA:9,1,4,0
BRDA:19,2,0,0
BRDA:19,2,1,0
BRDA:25,3,0,0
BRDA:29,4,0,0
BRDA:39,5,0,0
BRDA:43,6,0,0
BRDA:58,7,0,0
BRDA:58,8,0,0
BRDA:58,8,1,0
BRDA:59,9,0,0
BRDA:59,9,1,0
BRDA:80,10,0,0
BRDA:80,10,1,0
BRDA:82,11,0,0
BRDA:82,11,1,0
BRF:22
BRH:0
end_of_record
TN:
SF:src\index.ts
FN:39,(anonymous_1)
FNF:1
FNH:0
FNDA:0,(anonymous_1)
DA:2,0
DA:3,0
DA:4,0
DA:6,0
DA:8,0
DA:21,0
DA:40,0
DA:42,0
DA:43,0
DA:44,0
DA:47,0
DA:54,0
DA:56,0
DA:57,0
DA:60,0
DA:63,0
LF:16
LH:0
BRDA:42,0,0,0
BRDA:42,1,0,0
BRDA:42,1,1,0
BRDA:42,1,2,0
BRDA:56,2,0,0
BRF:5
BRH:0
end_of_record
TN:
SF:src\processExtensions.ts
FN:17,(anonymous_7)
FN:35,(anonymous_8)
FNF:2
FNH:0
FNDA:0,(anonymous_7)
FNDA:0,(anonymous_8)
DA:1,0
DA:2,0
DA:3,0
DA:4,0
DA:8,0
DA:17,0
DA:23,0
DA:24,0
DA:26,0
DA:27,0
DA:29,0
DA:32,0
DA:35,0
DA:38,0
DA:39,0
DA:41,0
DA:42,0
DA:47,0
DA:48,0
DA:49,0
DA:50,0
DA:53,0
DA:54,0
DA:55,0
DA:58,0
DA:59,0
DA:64,0
DA:67,0
DA:68,0
DA:71,0
DA:79,0
DA:86,0
DA:87,0
DA:91,0
DA:93,0
DA:96,0
LF:36
LH:0
BRDA:26,0,0,0
BRDA:49,1,0,0
BRDA:54,2,0,0
BRDA:60,3,0,0
BRDA:60,3,1,0
BRDA:60,4,0,0
BRDA:60,4,1,0
BRDA:67,5,0,0
BRDA:67,6,0,0
BRDA:67,6,1,0
BRDA:86,7,0,0
BRDA:86,8,0,0
BRDA:86,8,1,0
BRF:13
BRH:0
end_of_record
TN:
SF:src\propsMatch.ts
FN:3,(anonymous_1)
FNF:1
FNH:1
FNDA:37,(anonymous_1)
DA:1,1
DA:3,1
DA:8,37
DA:9,147
DA:10,16
DA:13,21
DA:16,1
LF:7
LH:7
BRDA:9,0,0,16
BRF:1
BRH:1
end_of_record
TN:
SF:src\types.d.ts
FNF:0
FNH:0
LF:0
LH:0
BRF:0
BRH:0
end_of_record
