TN:
SF:src\asyncExec.ts
FNF:0
FNH:0
DA:1,1
DA:2,1
DA:13,1
LF:3
LH:3
BRF:0
BRH:0
end_of_record
TN:
SF:src\asyncRimraf.ts
FN:7,(anonymous_0)
FNF:1
FNH:0
FNDA:0,(anonymous_0)
DA:7,1
DA:8,0
LF:2
LH:1
BRF:0
BRH:0
end_of_record
TN:
SF:src\doExtensions.ts
FN:12,(anonymous_1)
FN:25,(anonymous_2)
FN:56,(anonymous_3)
FN:71,(anonymous_4)
FN:83,(anonymous_5)
FN:91,(anonymous_6)
FN:127,(anonymous_7)
FN:148,(anonymous_8)
FN:159,(anonymous_9)
FN:191,(anonymous_10)
FN:195,(anonymous_11)
FN:248,(anonymous_12)
FN:287,(anonymous_13)
FNF:13
FNH:11
FNDA:7,(anonymous_1)
FNDA:12,(anonymous_2)
FNDA:12,(anonymous_3)
FNDA:8,(anonymous_4)
FNDA:2,(anonymous_5)
FNDA:7,(anonymous_6)
FNDA:8,(anonymous_7)
FNDA:7,(anonymous_8)
FNDA:4,(anonymous_9)
FNDA:6,(anonymous_10)
FNDA:4,(anonymous_11)
FNDA:0,(anonymous_12)
FNDA:0,(anonymous_13)
DA:1,1
DA:2,1
DA:3,1
DA:4,1
DA:5,1
DA:6,1
DA:7,1
DA:9,1
DA:10,1
DA:12,1
DA:16,7
DA:17,1
DA:19,6
DA:20,2
DA:22,4
DA:25,1
DA:29,12
DA:30,2
DA:32,10
DA:33,1
DA:37,9
DA:41,9
DA:43,9
DA:44,9
DA:46,9
DA:47,8
DA:48,8
DA:49,5
DA:51,3
DA:53,1
DA:56,1
DA:60,12
DA:61,2
DA:62,10
DA:63,2
DA:66,8
DA:71,1
DA:75,8
DA:77,8
DA:78,8
DA:80,8
DA:82,8
DA:83,2
DA:84,1
DA:85,1
DA:87,7
DA:91,1
DA:92,7
DA:93,7
DA:95,1
DA:98,6
DA:99,6
DA:102,3
DA:104,3
DA:107,3
DA:127,1
DA:133,8
DA:134,8
DA:135,4
DA:137,8
DA:138,4
DA:143,8
DA:145,8
DA:148,1
DA:149,7
DA:150,7
DA:152,2
DA:153,2
DA:156,5
DA:159,1
DA:164,4
DA:179,4
DA:191,1
DA:192,6
DA:195,1
DA:204,4
DA:213,4
DA:214,0
DA:215,0
DA:217,0
DA:218,0
DA:223,4
DA:224,4
DA:225,4
DA:226,2
DA:227,2
DA:228,1
DA:231,2
DA:234,3
DA:236,3
DA:238,3
DA:240,0
DA:243,3
DA:248,1
DA:258,0
DA:259,0
DA:260,0
DA:264,0
DA:267,0
DA:268,0
DA:272,0
DA:274,0
DA:275,0
DA:287,1
DA:302,0
DA:303,0
DA:304,0
DA:307,0
DA:308,0
DA:309,0
DA:310,0
DA:314,0
DA:316,0
DA:317,0
DA:318,0
DA:320,0
DA:321,0
DA:324,0
DA:329,0
DA:335,0
DA:336,0
DA:340,0
DA:341,0
DA:342,0
DA:345,0
DA:346,0
DA:347,0
DA:348,0
DA:351,0
DA:356,0
DA:358,0
DA:364,0
DA:370,1
LF:133
LH:91
BRDA:16,0,0,1
BRDA:19,1,0,2
BRDA:29,2,0,2
BRDA:32,3,0,1
BRDA:37,4,0,7
BRDA:37,4,1,2
BRDA:43,5,0,9
BRDA:43,5,1,2
BRDA:44,6,0,9
BRDA:44,6,1,2
BRDA:46,7,0,8
BRDA:48,8,0,5
BRDA:60,9,0,2
BRDA:60,9,1,10
BRDA:62,10,0,2
BRDA:66,11,0,2
BRDA:66,11,1,6
BRDA:77,12,0,6
BRDA:77,12,1,2
BRDA:78,13,0,6
BRDA:78,13,1,2
BRDA:82,14,0,1
BRDA:82,14,1,7
BRDA:134,15,0,4
BRDA:137,16,0,4
BRDA:164,17,0,2
BRDA:164,17,1,2
BRDA:214,18,0,0
BRDA:217,19,0,0
BRDA:227,20,0,1
BRDA:261,21,0,0
BRDA:261,21,1,0
BRDA:303,22,0,0
BRDA:308,23,0,0
BRDA:317,24,0,0
BRDA:320,25,0,0
BRDA:325,26,0,0
BRDA:325,26,1,0
BRDA:335,27,0,0
BRDA:341,28,0,0
BRDA:346,29,0,0
BRDA:351,30,0,0
BRDA:351,30,1,0
BRF:43
BRH:28
end_of_record
TN:
SF:src\getExtensionConfig.ts
FN:1,(anonymous_0)
FN:7,(anonymous_1)
FN:16,(anonymous_2)
FN:22,(anonymous_3)
FN:36,(anonymous_4)
FN:50,(anonymous_5)
FN:68,(anonymous_6)
FNF:7
FNH:0
FNDA:0,(anonymous_0)
FNDA:0,(anonymous_1)
FNDA:0,(anonymous_2)
FNDA:0,(anonymous_3)
FNDA:0,(anonymous_4)
FNDA:0,(anonymous_5)
FNDA:0,(anonymous_6)
DA:1,0
DA:4,0
DA:7,0
DA:8,0
DA:16,0
DA:19,0
DA:22,0
DA:25,0
DA:26,0
DA:28,0
DA:29,0
DA:30,0
DA:33,0
DA:36,0
DA:39,0
DA:40,0
DA:42,0
DA:43,0
DA:44,0
DA:47,0
DA:50,0
DA:54,0
DA:58,0
DA:59,0
DA:60,0
DA:62,0
DA:65,0
DA:68,0
DA:72,0
DA:73,0
DA:74,0
DA:75,0
DA:77,0
DA:78,0
DA:79,0
DA:80,0
DA:81,0
DA:82,0
DA:83,0
DA:85,0
DA:90,0
DA:93,0
LF:42
LH:0
BRDA:4,0,0,0
BRDA:4,0,1,0
BRDA:9,1,0,0
BRDA:9,1,1,0
BRDA:9,1,2,0
BRDA:9,1,3,0
BRDA:9,1,4,0
BRDA:19,2,0,0
BRDA:19,2,1,0
BRDA:25,3,0,0
BRDA:29,4,0,0
BRDA:39,5,0,0
BRDA:43,6,0,0
BRDA:58,7,0,0
BRDA:58,8,0,0
BRDA:58,8,1,0
BRDA:59,9,0,0
BRDA:59,9,1,0
BRDA:80,10,0,0
BRDA:80,10,1,0
BRDA:82,11,0,0
BRDA:82,11,1,0
BRF:22
BRH:0
end_of_record
TN:
SF:src\index.ts
FN:49,(anonymous_1)
FNF:1
FNH:0
FNDA:0,(anonymous_1)
DA:1,0
DA:2,0
DA:3,0
DA:4,0
DA:6,0
DA:8,0
DA:21,0
DA:50,0
DA:52,0
DA:53,0
DA:54,0
DA:57,0
DA:58,0
DA:60,0
DA:69,0
DA:71,0
DA:72,0
DA:75,0
DA:78,0
LF:19
LH:0
BRDA:52,0,0,0
BRDA:52,1,0,0
BRDA:52,1,1,0
BRDA:52,1,2,0
BRDA:57,2,0,0
BRDA:57,2,1,0
BRDA:58,3,0,0
BRDA:58,3,1,0
BRDA:71,4,0,0
BRF:9
BRH:0
end_of_record
TN:
SF:src\processExtensions.ts
FN:19,(anonymous_7)
FN:37,(anonymous_8)
FNF:2
FNH:0
FNDA:0,(anonymous_7)
FNDA:0,(anonymous_8)
DA:1,0
DA:2,0
DA:3,0
DA:4,0
DA:8,0
DA:19,0
DA:25,0
DA:26,0
DA:28,0
DA:29,0
DA:31,0
DA:34,0
DA:37,0
DA:40,0
DA:41,0
DA:43,0
DA:44,0
DA:49,0
DA:50,0
DA:51,0
DA:52,0
DA:55,0
DA:56,0
DA:57,0
DA:60,0
DA:61,0
DA:66,0
DA:69,0
DA:70,0
DA:73,0
DA:81,0
DA:90,0
DA:91,0
DA:95,0
DA:97,0
DA:100,0
LF:36
LH:0
BRDA:28,0,0,0
BRDA:51,1,0,0
BRDA:56,2,0,0
BRDA:62,3,0,0
BRDA:62,3,1,0
BRDA:62,4,0,0
BRDA:62,4,1,0
BRDA:69,5,0,0
BRDA:69,6,0,0
BRDA:69,6,1,0
BRDA:90,7,0,0
BRDA:90,8,0,0
BRDA:90,8,1,0
BRF:13
BRH:0
end_of_record
TN:
SF:src\propsMatch.ts
FN:3,(anonymous_1)
FNF:1
FNH:1
FNDA:15,(anonymous_1)
DA:1,1
DA:3,1
DA:8,15
DA:9,64
DA:10,5
DA:13,10
DA:16,1
LF:7
LH:7
BRDA:9,0,0,5
BRF:1
BRH:1
end_of_record
TN:
SF:src\types.d.ts
FNF:0
FNH:0
LF:0
LH:0
BRF:0
BRH:0
end_of_record
